<?xml version="1.0" encoding="UTF-8"?>
<!-- Generated by org.testng.reporters.JUnitReportReporter -->
<testsuite hostname="Home_PC" failures="0" tests="1" name="com.crm.qa.testcases.HomePageTest" time="15.355" errors="0" timestamp="04 Mar 2018 19:39:00 GMT" skipped="0">
  <testcase classname="com.crm.qa.testcases.HomePageTest" name="verifyHomePageTitleTest" time="15.355"/>
</testsuite> <!-- com.crm.qa.testcases.HomePageTest -->
