<?xml version="1.0" encoding="UTF-8"?>
<!-- Generated by org.testng.reporters.JUnitReportReporter -->
<testsuite hostname="Home_PC" failures="0" tests="3" name="com.crm.qa.testcases.LoginPageTest" time="29.439" errors="0" timestamp="04 Mar 2018 21:42:19 GMT" skipped="0">
  <testcase classname="com.crm.qa.testcases.LoginPageTest" name="loginPageTitleTest" time="6.780"/>
  <testcase classname="com.crm.qa.testcases.LoginPageTest" name="crmLogoImageTest" time="7.316"/>
  <testcase classname="com.crm.qa.testcases.LoginPageTest" name="loginTest" time="15.343"/>
</testsuite> <!-- com.crm.qa.testcases.LoginPageTest -->
