<?xml version="1.0" encoding="UTF-8"?>
<!-- Generated by org.testng.reporters.JUnitReportReporter -->
<testsuite hostname="Home_PC" failures="0" tests="5" name="com.crm.qa.testcases.ContactsPageTest" time="107.673" errors="0" timestamp="04 Mar 2018 21:28:17 GMT" skipped="0">
  <testcase classname="com.crm.qa.testcases.ContactsPageTest" name="verifyContactsLable" time="17.553"/>
  <testcase classname="com.crm.qa.testcases.ContactsPageTest" name="selectsContactsTest" time="16.977"/>
  <testcase classname="com.crm.qa.testcases.ContactsPageTest" name="validateCreateNewContact" time="23.611"/>
  <testcase classname="com.crm.qa.testcases.ContactsPageTest" name="validateCreateNewContact" time="26.115"/>
  <testcase classname="com.crm.qa.testcases.ContactsPageTest" name="validateCreateNewContact" time="23.417"/>
</testsuite> <!-- com.crm.qa.testcases.ContactsPageTest -->
